
Showing logs for build [32mjenkins-x-labs-bot-bdd-gh-15871-cjgw6-1[0m stage [32mfrom-build-pack[0m and container [32mstep-credential-initializer-xntst[0m
{"level":"warn","ts":1587135551.784915,"logger":"fallback-logger","caller":"logging/config.go:69","msg":"Fetch GitHub commit ID from kodata failed: \"ref: refs/heads/0.8.0-**-support-backwards-incompats\" is not a valid GitHub commit ID"}
{"level":"info","ts":1587135551.7853193,"logger":"fallback-logger","caller":"creds-init/main.go:40","msg":"Credentials initialized."}

Showing logs for build [32mjenkins-x-labs-bot-bdd-gh-15871-cjgw6-1[0m stage [32mfrom-build-pack[0m and container [32mstep-working-dir-initializer-v42cn[0m
{"level":"warn","ts":1587135552.7635748,"logger":"fallback-logger","caller":"logging/config.go:69","msg":"Fetch GitHub commit ID from kodata failed: open /var/run/ko/HEAD: no such file or directory"}
{"level":"info","ts":1587135552.764858,"logger":"fallback-logger","caller":"bash/main.go:64","msg":"Successfully executed command \"sh -c mkdir -p /workspace/source\"; output "}

Showing logs for build [32mjenkins-x-labs-bot-bdd-gh-15871-cjgw6-1[0m stage [32mfrom-build-pack[0m and container [32mstep-place-tools[0m

Showing logs for build [32mjenkins-x-labs-bot-bdd-gh-15871-cjgw6-1[0m stage [32mfrom-build-pack[0m and container [32mstep-git-source-jenkins-x-labs-bot-bdd-gh-15871-cjgw6-qfp92[0m
{"level":"warn","ts":1587135558.906636,"logger":"fallback-logger","caller":"logging/config.go:69","msg":"Fetch GitHub commit ID from kodata failed: \"ref: refs/heads/0.8.0-**-support-backwards-incompats\" is not a valid GitHub commit ID"}
{"level":"info","ts":1587135559.9762933,"logger":"fallback-logger","caller":"git/git.go:103","msg":"Successfully cloned https://github.com/******************/bdd-gh-1587135049.git @ master in path /workspace/source"}

Showing logs for build [32mjenkins-x-labs-bot-bdd-gh-15871-cjgw6-1[0m stage [32mfrom-build-pack[0m and container [32mstep-git-merge[0m
Using SHAs from PULL_REFS=master:32efd6cd43b34cea60f24c4e3d75d0dd2b080123,1:51a098925b5e05725e48b596730123da1fdd788f
DEBUG: LC_ALL=C JX_LOG_LEVEL=error git fetch origin --unshallow 51a098925b5e05725e48b596730123da1fdd788f: 32efd6cd43b34cea60f24c4e3d75d0dd2b080123:
DEBUG: ran git fetch --unshallow origin 51a098925b5e05725e48b596730123da1fdd788f: 32efd6cd43b34cea60f24c4e3d75d0dd2b080123: in 
DEBUG: LC_ALL=C JX_LOG_LEVEL=error git branch
DEBUG: LC_ALL=C JX_LOG_LEVEL=error git checkout master
DEBUG: ran git checkout master in 
DEBUG: LC_ALL=C JX_LOG_LEVEL=error git reset --hard 32efd6cd43b34cea60f24c4e3d75d0dd2b080123
DEBUG: ran git reset --hard 32efd6cd43b34cea60f24c4e3d75d0dd2b080123 in 
DEBUG: LC_ALL=C JX_LOG_LEVEL=error git clean -fd .
DEBUG: ran clean --force -d . in 
DEBUG: LC_ALL=C JX_LOG_LEVEL=error git merge 51a098925b5e05725e48b596730123da1fdd788f
DEBUG: ran git merge 51a098925b5e05725e48b596730123da1fdd788f in 
DEBUG: LC_ALL=C JX_LOG_LEVEL=error git log --format=%H%x1f%an%x1f%ae%x1f%cn%x1f%ce%x1f%s%n%b%x1e 32efd6cd43b34cea60f24c4e3d75d0dd2b080123..HEAD
Merged SHA 51a098925b5e05725e48b596730123da1fdd788f with commit message 'My first PR commit' into base branch master

Showing logs for build [32mjenkins-x-labs-bot-bdd-gh-15871-cjgw6-1[0m stage [32mfrom-build-pack[0m and container [32mstep-build-make-linux[0m
CGO_ENABLED=0 GOOS=linux GOARCH=amd64 GO15VENDOREXPERIMENT=1 go build -ldflags '' -o bin/bdd-gh-1587135049 main.go

Showing logs for build [32mjenkins-x-labs-bot-bdd-gh-15871-cjgw6-1[0m stage [32mfrom-build-pack[0m and container [32mstep-build-container-build[0m
ERROR: logging before flag.Parse: E0417 14:59:26.781944      12 metadata.go:241] Failed to unmarshal scopes: invalid character 'h' looking for beginning of value
[36mINFO[0m[0000] No base image, nothing to extract            
[36mINFO[0m[0000] cmd: EXPOSE                                  
[36mINFO[0m[0000] Adding exposed port: 8080/tcp                
[36mINFO[0m[0000] Using files from context: [/workspace/source/bin] 
[36mINFO[0m[0000] Skipping unpacking as no commands require it. 
[36mINFO[0m[0000] Taking snapshot of full filesystem...        
[36mINFO[0m[0000] EXPOSE 8080                                  
[36mINFO[0m[0000] cmd: EXPOSE                                  
[36mINFO[0m[0000] Adding exposed port: 8080/tcp                
[36mINFO[0m[0000] No files changed in this command, skipping snapshotting. 
[36mINFO[0m[0000] ENTRYPOINT ["/bdd-gh-1587135049"]            
[36mINFO[0m[0000] No files changed in this command, skipping snapshotting. 
[36mINFO[0m[0000] Using files from context: [/workspace/source/bin] 
[36mINFO[0m[0000] COPY ./bin/ /                                
[36mINFO[0m[0000] Taking snapshot of files...                  
error pushing image: failed to push to destination gcr.io/jenkins-x-labs-bdd/bdd-gh-1587135049:0.0.0-SNAPSHOT-PR-1-1: DENIED: Access denied.
[31m
Pipeline failed on stage 'from-build-pack' : container 'step-build-container-build'. The execution of the pipeline has stopped.[0m
