
Showing logs for build [32mjenkins-x-labs-bot-bdd-gh-15871-dd6s4-1[0m stage [32mfrom-build-pack[0m and container [32mstep-credential-initializer-r4gnm[0m
{"level":"warn","ts":1587135198.6691248,"logger":"fallback-logger","caller":"logging/config.go:69","msg":"Fetch GitHub commit ID from kodata failed: \"ref: refs/heads/0.8.0-**-support-backwards-incompats\" is not a valid GitHub commit ID"}
{"level":"info","ts":1587135198.669865,"logger":"fallback-logger","caller":"creds-init/main.go:40","msg":"Credentials initialized."}

Showing logs for build [32mjenkins-x-labs-bot-bdd-gh-15871-dd6s4-1[0m stage [32mfrom-build-pack[0m and container [32mstep-working-dir-initializer-rm8gm[0m
{"level":"warn","ts":1587135200.6424847,"logger":"fallback-logger","caller":"logging/config.go:69","msg":"Fetch GitHub commit ID from kodata failed: open /var/run/ko/HEAD: no such file or directory"}
{"level":"info","ts":1587135200.6441891,"logger":"fallback-logger","caller":"bash/main.go:64","msg":"Successfully executed command \"sh -c mkdir -p /workspace/source\"; output "}

Showing logs for build [32mjenkins-x-labs-bot-bdd-gh-15871-dd6s4-1[0m stage [32mfrom-build-pack[0m and container [32mstep-place-tools[0m

Showing logs for build [32mjenkins-x-labs-bot-bdd-gh-15871-dd6s4-1[0m stage [32mfrom-build-pack[0m and container [32mstep-git-source-jenkins-x-labs-bot-bdd-gh-15871-dd6s4-m667m[0m
{"level":"warn","ts":1587135269.2692564,"logger":"fallback-logger","caller":"logging/config.go:69","msg":"Fetch GitHub commit ID from kodata failed: \"ref: refs/heads/0.8.0-**-support-backwards-incompats\" is not a valid GitHub commit ID"}
{"level":"info","ts":1587135270.3505628,"logger":"fallback-logger","caller":"git/git.go:103","msg":"Successfully cloned https://github.com/******************/bdd-gh-1587135049.git @ v0.0.1 in path /workspace/source"}

Showing logs for build [32mjenkins-x-labs-bot-bdd-gh-15871-dd6s4-1[0m stage [32mfrom-build-pack[0m and container [32mstep-git-merge[0m
Using SHAs from PULL_REFS=master:
WARNING: no SHAs to merge, falling back to initial cloned commit

Showing logs for build [32mjenkins-x-labs-bot-bdd-gh-15871-dd6s4-1[0m stage [32mfrom-build-pack[0m and container [32mstep-setup-jx-git-credentials[0m
Generated Git credentials file /workspace/xdg_config/git/credentials

Showing logs for build [32mjenkins-x-labs-bot-bdd-gh-15871-dd6s4-1[0m stage [32mfrom-build-pack[0m and container [32mstep-build-make-build[0m
CGO_ENABLED=0 GO15VENDOREXPERIMENT=1 go build -ldflags '' -o bin/bdd-gh-1587135049 main.go

Showing logs for build [32mjenkins-x-labs-bot-bdd-gh-15871-dd6s4-1[0m stage [32mfrom-build-pack[0m and container [32mstep-build-container-build[0m
ERROR: logging before flag.Parse: E0417 14:54:40.004028      13 metadata.go:241] Failed to unmarshal scopes: invalid character 'h' looking for beginning of value
[36mINFO[0m[0000] No base image, nothing to extract            
[36mINFO[0m[0000] cmd: EXPOSE                                  
[36mINFO[0m[0000] Adding exposed port: 8080/tcp                
[36mINFO[0m[0000] Using files from context: [/workspace/source/bin] 
[36mINFO[0m[0000] Skipping unpacking as no commands require it. 
[36mINFO[0m[0000] Taking snapshot of full filesystem...        
[36mINFO[0m[0000] EXPOSE 8080                                  
[36mINFO[0m[0000] cmd: EXPOSE                                  
[36mINFO[0m[0000] Adding exposed port: 8080/tcp                
[36mINFO[0m[0000] No files changed in this command, skipping snapshotting. 
[36mINFO[0m[0000] ENTRYPOINT ["/bdd-gh-1587135049"]            
[36mINFO[0m[0000] No files changed in this command, skipping snapshotting. 
[36mINFO[0m[0000] Using files from context: [/workspace/source/bin] 
[36mINFO[0m[0000] COPY ./bin/ /                                
[36mINFO[0m[0000] Taking snapshot of files...                  
2020/04/17 14:54:44 pushed blob: sha256:898d506db2afeaa73c36bd01ce5bc9e9ddbffcbf5b5df81c9aa3a65df6bbc099
2020/04/17 14:54:44 pushed blob: sha256:cccfb937e8b5b4532dbc2b8f08b7f5ab8bd764ea65322235d0d7c305db8407ee
2020/04/17 14:54:45 gcr.io/jenkins-x-labs-bdd/bdd-gh-1587135049:0.0.1: digest: sha256:040198675f238b4b2ee8058e628f4cdae799e8182f0b1f6fcc1406a6b295af10 size: 428

Showing logs for build [32mjenkins-x-labs-bot-bdd-gh-15871-dd6s4-1[0m stage [32mfrom-build-pack[0m and container [32mstep-build-post-build[0m
no CVE provider running in the current ** namespace so skip adding image to be analysed

Showing logs for build [32mjenkins-x-labs-bot-bdd-gh-15871-dd6s4-1[0m stage [32mfrom-build-pack[0m and container [32mstep-promote-changelog[0m
Converted /workspace/source/charts/bdd-gh-1587135049 to an unshallow repository
Generating change log from git ref bd5cb9633c1962fc33004b570a5096c34b91362b => 639f981dd1c8aacf2f9b2e8679ea16d660206c85
Associating user x-0 in users.jenkins.io with email jenkins-x-*****@googlegroups.com to git GitProvider user with login -0 as emails match
Adding label jenkins.io/git-github-userid=-0 to user x-0 in users.jenkins.io
WARNING: Failed to enrich commit 32efd6cd43b34cea60f24c4e3d75d0dd2b080123 with issues: User.jenkins.io "x-0" is invalid: metadata.labels: Invalid value: "-0": a valid label must be an empty string or consist of alphanumeric characters, '-', '_' or '.', and must start and end with an alphanumeric character (e.g. 'MyValue',  or 'my_value',  or '12345', regex used for validation is '(([A-Za-z0-9][-A-Za-z0-9_.]*)?[A-Za-z0-9])?')
Finding issues in commit messages using git format
WARNING: No release found for ******************/bdd-gh-1587135049 and tag v0.0.1 so creating a new release
Updated the release information at https://github.com/******************/bdd-gh-1587135049/releases/tag/v0.0.1
generated: /workspace/source/charts/bdd-gh-1587135049/templates/release.yaml
Created Release bdd-gh-1587135049-0-0-1 resource in namespace **
Updating PipelineActivity ******************-bdd-gh-1587135049-master-1 with version 0.0.1
Updated PipelineActivities ******************-bdd-gh-1587135049-master-1 with release notes URL: https://github.com/******************/bdd-gh-1587135049/releases/tag/v0.0.1

Showing logs for build [32mjenkins-x-labs-bot-bdd-gh-15871-dd6s4-1[0m stage [32mfrom-build-pack[0m and container [32mstep-promote-helm-release[0m
WARNING: No $CHART_REPOSITORY defined so using the default value of: http://jenkins-x-chartmuseum:8080
Adding missing Helm repo: storage.googleapis.com https://storage.googleapis.com/chartmuseum.jenkins-x.io
Successfully added Helm repository storage.googleapis.com.
Adding missing Helm repo: jenkins-x-chartmuseum http://jenkins-x-chartmuseum:8080
Successfully added Helm repository jenkins-x-chartmuseum.
WARNING: No $CHART_REPOSITORY defined so using the default value of: http://jenkins-x-chartmuseum:8080
Uploading chart file bdd-gh-1587135049-0.0.1.tgz to http://jenkins-x-chartmuseum:8080/api/charts
Received 201 response: {"saved":true}

Showing logs for build [32mjenkins-x-labs-bot-bdd-gh-15871-dd6s4-1[0m stage [32mfrom-build-pack[0m and container [32mstep-promote-jx-promote[0m
WARNING: prow based install so skip waiting for the merge of Pull Requests to go green as currently there is an issue with gettingstatuses from the PR, see https://github.com/jenkins-x/**/issues/2410
WARNING: No $CHART_REPOSITORY defined so using the default value of: http://jenkins-x-chartmuseum:8080
Promoting app bdd-gh-1587135049 version 0.0.1 to namespace **-staging
WARNING: could not find upstream git URL failed to unmarshal  due to no GitConfDir defined
Created Pull Request: https://github.com/******************/environment-pr-1-30-bdd-vault-staging/pull/1
Added label updatebot to Pull Request https://github.com/******************/environment-pr-1-30-bdd-vault-staging/pull/1
got git provider status pending from PR https://github.com/******************/environment-pr-1-30-bdd-vault-staging/pull/1
got git provider status pending from PR https://github.com/******************/environment-pr-1-30-bdd-vault-staging/pull/1
got git provider status pending from PR https://github.com/******************/environment-pr-1-30-bdd-vault-staging/pull/1
got git provider status pending from PR https://github.com/******************/environment-pr-1-30-bdd-vault-staging/pull/1
Pull Request https://github.com/******************/environment-pr-1-30-bdd-vault-staging/pull/1 is merged at sha 0434916d2a168f9c0c6e3ed129ea02489be3fea6
Pull Request merged but we are not waiting for the update pipeline to complete!
WARNING: Could not find the service URL in namespace **-staging for names bdd-gh-1587135049, **-bdd-gh-1587135049, **-staging-bdd-gh-1587135049
